2023-01-14 01:01:31 error: uncaughtException: Router.use() requires a middleware function
TypeError: Router.use() requires a middleware function
    at Function.use (D:\SpotChatra\spotchatbackendnew\node_modules\express\lib\router\index.js:462:11)
    at new IndexRoute (D:\SpotChatra\spotchatbackendnew\src\modules\user\routes\index.route.ts:21:17)
    at Object.<anonymous> (D:\SpotChatra\spotchatbackendnew\src\server.ts:9:22)
    at Module._compile (node:internal/modules/cjs/loader:1218:14)
    at Module.m._compile (D:\SpotChatra\spotchatbackendnew\node_modules\ts-node\src\index.ts:1618:23)
    at Module._extensions..js (node:internal/modules/cjs/loader:1272:10)
    at Object.require.extensions.<computed> [as .ts] (D:\SpotChatra\spotchatbackendnew\node_modules\ts-node\src\index.ts:1621:12)
    at Module.load (node:internal/modules/cjs/loader:1081:32)
    at Function.Module._load (node:internal/modules/cjs/loader:922:12)
    at Function.executeUserEntryPoint [as runMain] (node:internal/modules/run_main:81:12)
2023-01-14 15:56:08 error: uncaughtException: Router.use() requires a middleware function
TypeError: Router.use() requires a middleware function
    at Function.use (D:\SpotChatra\spotchatbackendnew\node_modules\express\lib\router\index.js:462:11)
    at new IndexRoute (D:\SpotChatra\spotchatbackendnew\src\modules\user\routes\index.route.ts:21:17)
    at Object.<anonymous> (D:\SpotChatra\spotchatbackendnew\src\server.ts:9:22)
    at Module._compile (node:internal/modules/cjs/loader:1218:14)
    at Module.m._compile (D:\SpotChatra\spotchatbackendnew\node_modules\ts-node\src\index.ts:1618:23)
    at Module._extensions..js (node:internal/modules/cjs/loader:1272:10)
    at Object.require.extensions.<computed> [as .ts] (D:\SpotChatra\spotchatbackendnew\node_modules\ts-node\src\index.ts:1621:12)
    at Module.load (node:internal/modules/cjs/loader:1081:32)
    at Function.Module._load (node:internal/modules/cjs/loader:922:12)
    at Function.executeUserEntryPoint [as runMain] (node:internal/modules/run_main:81:12)
2023-01-14 15:57:34 error: uncaughtException: Router.use() requires a middleware function
TypeError: Router.use() requires a middleware function
    at Function.use (D:\SpotChatra\spotchatbackendnew\node_modules\express\lib\router\index.js:462:11)
    at new IndexRoute (D:\SpotChatra\spotchatbackendnew\src\modules\user\routes\index.route.ts:21:17)
    at Object.<anonymous> (D:\SpotChatra\spotchatbackendnew\src\server.ts:9:22)
    at Module._compile (node:internal/modules/cjs/loader:1218:14)
    at Module.m._compile (D:\SpotChatra\spotchatbackendnew\node_modules\ts-node\src\index.ts:1618:23)
    at Module._extensions..js (node:internal/modules/cjs/loader:1272:10)
    at Object.require.extensions.<computed> [as .ts] (D:\SpotChatra\spotchatbackendnew\node_modules\ts-node\src\index.ts:1621:12)
    at Module.load (node:internal/modules/cjs/loader:1081:32)
    at Function.Module._load (node:internal/modules/cjs/loader:922:12)
    at Function.executeUserEntryPoint [as runMain] (node:internal/modules/run_main:81:12)
2023-01-14 15:57:41 error: uncaughtException: Router.use() requires a middleware function
TypeError: Router.use() requires a middleware function
    at Function.use (D:\SpotChatra\spotchatbackendnew\node_modules\express\lib\router\index.js:462:11)
    at new IndexRoute (D:\SpotChatra\spotchatbackendnew\src\modules\user\routes\index.route.ts:21:17)
    at Object.<anonymous> (D:\SpotChatra\spotchatbackendnew\src\server.ts:9:22)
    at Module._compile (node:internal/modules/cjs/loader:1218:14)
    at Module.m._compile (D:\SpotChatra\spotchatbackendnew\node_modules\ts-node\src\index.ts:1618:23)
    at Module._extensions..js (node:internal/modules/cjs/loader:1272:10)
    at Object.require.extensions.<computed> [as .ts] (D:\SpotChatra\spotchatbackendnew\node_modules\ts-node\src\index.ts:1621:12)
    at Module.load (node:internal/modules/cjs/loader:1081:32)
    at Function.Module._load (node:internal/modules/cjs/loader:922:12)
    at Function.executeUserEntryPoint [as runMain] (node:internal/modules/run_main:81:12)
2023-01-14 16:00:30 error: uncaughtException: Router.use() requires a middleware function
TypeError: Router.use() requires a middleware function
    at Function.use (D:\SpotChatra\spotchatbackendnew\node_modules\express\lib\router\index.js:462:11)
    at new IndexRoute (D:\SpotChatra\spotchatbackendnew\src\modules\user\routes\index.route.ts:21:17)
    at Object.<anonymous> (D:\SpotChatra\spotchatbackendnew\src\server.ts:9:22)
    at Module._compile (node:internal/modules/cjs/loader:1218:14)
    at Module.m._compile (D:\SpotChatra\spotchatbackendnew\node_modules\ts-node\src\index.ts:1618:23)
    at Module._extensions..js (node:internal/modules/cjs/loader:1272:10)
    at Object.require.extensions.<computed> [as .ts] (D:\SpotChatra\spotchatbackendnew\node_modules\ts-node\src\index.ts:1621:12)
    at Module.load (node:internal/modules/cjs/loader:1081:32)
    at Function.Module._load (node:internal/modules/cjs/loader:922:12)
    at Function.executeUserEntryPoint [as runMain] (node:internal/modules/run_main:81:12)
2023-01-14 16:00:41 error: uncaughtException: Router.use() requires a middleware function
TypeError: Router.use() requires a middleware function
    at Function.use (D:\SpotChatra\spotchatbackendnew\node_modules\express\lib\router\index.js:462:11)
    at new IndexRoute (D:\SpotChatra\spotchatbackendnew\src\modules\user\routes\index.route.ts:21:17)
    at Object.<anonymous> (D:\SpotChatra\spotchatbackendnew\src\server.ts:9:22)
    at Module._compile (node:internal/modules/cjs/loader:1218:14)
    at Module.m._compile (D:\SpotChatra\spotchatbackendnew\node_modules\ts-node\src\index.ts:1618:23)
    at Module._extensions..js (node:internal/modules/cjs/loader:1272:10)
    at Object.require.extensions.<computed> [as .ts] (D:\SpotChatra\spotchatbackendnew\node_modules\ts-node\src\index.ts:1621:12)
    at Module.load (node:internal/modules/cjs/loader:1081:32)
    at Function.Module._load (node:internal/modules/cjs/loader:922:12)
    at Function.executeUserEntryPoint [as runMain] (node:internal/modules/run_main:81:12)
2023-01-14 16:08:53 error: uncaughtException: Router.use() requires a middleware function
TypeError: Router.use() requires a middleware function
    at Function.use (D:\SpotChatra\spotchatbackendnew\node_modules\express\lib\router\index.js:462:11)
    at new IndexRoute (D:\SpotChatra\spotchatbackendnew\src\modules\user\routes\index.route.ts:21:17)
    at Object.<anonymous> (D:\SpotChatra\spotchatbackendnew\src\server.ts:8:22)
    at Module._compile (node:internal/modules/cjs/loader:1218:14)
    at Module.m._compile (D:\SpotChatra\spotchatbackendnew\node_modules\ts-node\src\index.ts:1618:23)
    at Module._extensions..js (node:internal/modules/cjs/loader:1272:10)
    at Object.require.extensions.<computed> [as .ts] (D:\SpotChatra\spotchatbackendnew\node_modules\ts-node\src\index.ts:1621:12)
    at Module.load (node:internal/modules/cjs/loader:1081:32)
    at Function.Module._load (node:internal/modules/cjs/loader:922:12)
    at Function.executeUserEntryPoint [as runMain] (node:internal/modules/run_main:81:12)
2023-01-14 16:08:53 error: UncaughtException: TypeError: Router.use() requires a middleware function
2023-01-14 16:11:54 error: UnhandledRejection: MongooseServerSelectionError: connect ECONNREFUSED ::1:27017
2023-01-14 16:14:48 error: UnhandledRejection: MongooseServerSelectionError: connect ECONNREFUSED ::1:27017
2023-01-14 16:16:50 error: UnhandledRejection: MongooseServerSelectionError: connect ECONNREFUSED ::1:27017
2023-01-14 16:16:58 error: uncaughtException: DB_PORT is not defined
ReferenceError: DB_PORT is not defined
    at Object.<anonymous> (D:\SpotChatra\spotchatbackendnew\src\lib\databases\index.ts:4:32)
    at Module._compile (node:internal/modules/cjs/loader:1218:14)
    at Module.m._compile (D:\SpotChatra\spotchatbackendnew\node_modules\ts-node\src\index.ts:1618:23)
    at Module._extensions..js (node:internal/modules/cjs/loader:1272:10)
    at Object.require.extensions.<computed> [as .ts] (D:\SpotChatra\spotchatbackendnew\node_modules\ts-node\src\index.ts:1621:12)
    at Module.load (node:internal/modules/cjs/loader:1081:32)
    at Function.Module._load (node:internal/modules/cjs/loader:922:12)
    at Module.require (node:internal/modules/cjs/loader:1105:19)
    at require (node:internal/modules/cjs/helpers:103:18)
    at Object.<anonymous> (D:\SpotChatra\spotchatbackendnew\src\app.ts:14:1)
2023-01-14 16:17:16 error: uncaughtException: Cannot access 'mongoUrl' before initialization
ReferenceError: Cannot access 'mongoUrl' before initialization
    at Object.<anonymous> (D:\SpotChatra\spotchatbackendnew\src\lib\databases\index.ts:4:8)
    at Module._compile (node:internal/modules/cjs/loader:1218:14)
    at Module.m._compile (D:\SpotChatra\spotchatbackendnew\node_modules\ts-node\src\index.ts:1618:23)
    at Module._extensions..js (node:internal/modules/cjs/loader:1272:10)
    at Object.require.extensions.<computed> [as .ts] (D:\SpotChatra\spotchatbackendnew\node_modules\ts-node\src\index.ts:1621:12)
    at Module.load (node:internal/modules/cjs/loader:1081:32)
    at Function.Module._load (node:internal/modules/cjs/loader:922:12)
    at Module.require (node:internal/modules/cjs/loader:1105:19)
    at require (node:internal/modules/cjs/helpers:103:18)
    at Object.<anonymous> (D:\SpotChatra\spotchatbackendnew\src\app.ts:14:1)
2023-01-14 16:18:12 error: UnhandledRejection: MongooseServerSelectionError: connect ECONNREFUSED ::1:27017
2023-01-14 16:18:31 error: uncaughtException: DB_CLUSTER is not defined
ReferenceError: DB_CLUSTER is not defined
    at mongoUrl (D:\SpotChatra\spotchatbackendnew\src\lib\databases\index.ts:8:14)
    at Object.<anonymous> (D:\SpotChatra\spotchatbackendnew\src\lib\databases\index.ts:19:8)
    at Module._compile (node:internal/modules/cjs/loader:1218:14)
    at Module.m._compile (D:\SpotChatra\spotchatbackendnew\node_modules\ts-node\src\index.ts:1618:23)
    at Module._extensions..js (node:internal/modules/cjs/loader:1272:10)
    at Object.require.extensions.<computed> [as .ts] (D:\SpotChatra\spotchatbackendnew\node_modules\ts-node\src\index.ts:1621:12)
    at Module.load (node:internal/modules/cjs/loader:1081:32)
    at Function.Module._load (node:internal/modules/cjs/loader:922:12)
    at Module.require (node:internal/modules/cjs/loader:1105:19)
    at require (node:internal/modules/cjs/helpers:103:18)
2023-01-14 16:19:15 error: UnhandledRejection: MongooseServerSelectionError: connect ECONNREFUSED ::1:27017
2023-01-14 16:19:24 error: uncaughtException: DB_ACCESS is not defined
ReferenceError: DB_ACCESS is not defined
    at mongoUrl (D:\SpotChatra\spotchatbackendnew\src\lib\databases\index.ts:5:15)
    at Object.<anonymous> (D:\SpotChatra\spotchatbackendnew\src\lib\databases\index.ts:19:8)
    at Module._compile (node:internal/modules/cjs/loader:1218:14)
    at Module.m._compile (D:\SpotChatra\spotchatbackendnew\node_modules\ts-node\src\index.ts:1618:23)
    at Module._extensions..js (node:internal/modules/cjs/loader:1272:10)
    at Object.require.extensions.<computed> [as .ts] (D:\SpotChatra\spotchatbackendnew\node_modules\ts-node\src\index.ts:1621:12)
    at Module.load (node:internal/modules/cjs/loader:1081:32)
    at Function.Module._load (node:internal/modules/cjs/loader:922:12)
    at Module.require (node:internal/modules/cjs/loader:1105:19)
    at require (node:internal/modules/cjs/helpers:103:18)
2023-01-14 16:20:04 error: UnhandledRejection: MongooseServerSelectionError: connect ECONNREFUSED ::1:27017
2023-01-14 16:21:28 error: UnhandledRejection: MongooseServerSelectionError: connect ECONNREFUSED ::1:27017
2023-01-14 16:22:12 error: uncaughtException: connection is not defined
ReferenceError: connection is not defined
    at mongoUrl (D:\SpotChatra\spotchatbackendnew\src\lib\databases\index.ts:11:3)
    at Object.<anonymous> (D:\SpotChatra\spotchatbackendnew\src\lib\databases\index.ts:37:8)
    at Module._compile (node:internal/modules/cjs/loader:1218:14)
    at Module.m._compile (D:\SpotChatra\spotchatbackendnew\node_modules\ts-node\src\index.ts:1618:23)
    at Module._extensions..js (node:internal/modules/cjs/loader:1272:10)
    at Object.require.extensions.<computed> [as .ts] (D:\SpotChatra\spotchatbackendnew\node_modules\ts-node\src\index.ts:1621:12)
    at Module.load (node:internal/modules/cjs/loader:1081:32)
    at Function.Module._load (node:internal/modules/cjs/loader:922:12)
    at Module.require (node:internal/modules/cjs/loader:1105:19)
    at require (node:internal/modules/cjs/helpers:103:18)
2023-01-14 16:22:50 error: UnhandledRejection: ReferenceError: disconnected is not defined
2023-01-14 16:23:04 error: uncaughtException: тип Unable to compile TypeScript:
[96msrc/lib/databases/index.ts[0m:[93m47[0m:[93m1[0m - [91merror[0m[90m TS1128: [0mDeclaration or statement expected.

[7m47[0m public mongoConnection() {
[7m  [0m [91m~~~~~~[0m
[96msrc/lib/databases/index.ts[0m:[93m47[0m:[93m26[0m - [91merror[0m[90m TS1005: [0m';' expected.

[7m47[0m public mongoConnection() {
[7m  [0m [91m                         ~[0m

TSError: тип Unable to compile TypeScript:
[96msrc/lib/databases/index.ts[0m:[93m47[0m:[93m1[0m - [91merror[0m[90m TS1128: [0mDeclaration or statement expected.

[7m47[0m public mongoConnection() {
[7m  [0m [91m~~~~~~[0m
[96msrc/lib/databases/index.ts[0m:[93m47[0m:[93m26[0m - [91merror[0m[90m TS1005: [0m';' expected.

[7m47[0m public mongoConnection() {
[7m  [0m [91m                         ~[0m

    at createTSError (D:\SpotChatra\spotchatbackendnew\node_modules\ts-node\src\index.ts:859:12)
    at reportTSError (D:\SpotChatra\spotchatbackendnew\node_modules\ts-node\src\index.ts:863:19)
    at D:\SpotChatra\spotchatbackendnew\node_modules\ts-node\src\index.ts:1379:34
    at Object.compile (D:\SpotChatra\spotchatbackendnew\node_modules\ts-node\src\index.ts:1458:13)
    at Module.m._compile (D:\SpotChatra\spotchatbackendnew\node_modules\ts-node\src\index.ts:1617:30)
    at Module._extensions..js (node:internal/modules/cjs/loader:1272:10)
    at Object.require.extensions.<computed> [as .ts] (D:\SpotChatra\spotchatbackendnew\node_modules\ts-node\src\index.ts:1621:12)
    at Module.load (node:internal/modules/cjs/loader:1081:32)
    at Function.Module._load (node:internal/modules/cjs/loader:922:12)
    at Module.require (node:internal/modules/cjs/loader:1105:19)
2023-01-14 16:23:11 error: uncaughtException: тип Unable to compile TypeScript:
[96msrc/lib/databases/index.ts[0m:[93m47[0m:[93m29[0m - [91merror[0m[90m TS1005: [0m',' expected.

[7m47[0m export const mongoConnection() {
[7m  [0m [91m                            ~[0m
[96msrc/lib/databases/index.ts[0m:[93m47[0m:[93m32[0m - [91merror[0m[90m TS1005: [0m'=>' expected.

[7m47[0m export const mongoConnection() {
[7m  [0m [91m                               ~[0m

TSError: тип Unable to compile TypeScript:
[96msrc/lib/databases/index.ts[0m:[93m47[0m:[93m29[0m - [91merror[0m[90m TS1005: [0m',' expected.

[7m47[0m export const mongoConnection() {
[7m  [0m [91m                            ~[0m
[96msrc/lib/databases/index.ts[0m:[93m47[0m:[93m32[0m - [91merror[0m[90m TS1005: [0m'=>' expected.

[7m47[0m export const mongoConnection() {
[7m  [0m [91m                               ~[0m

    at createTSError (D:\SpotChatra\spotchatbackendnew\node_modules\ts-node\src\index.ts:859:12)
    at reportTSError (D:\SpotChatra\spotchatbackendnew\node_modules\ts-node\src\index.ts:863:19)
    at D:\SpotChatra\spotchatbackendnew\node_modules\ts-node\src\index.ts:1379:34
    at Object.compile (D:\SpotChatra\spotchatbackendnew\node_modules\ts-node\src\index.ts:1458:13)
    at Module.m._compile (D:\SpotChatra\spotchatbackendnew\node_modules\ts-node\src\index.ts:1617:30)
    at Module._extensions..js (node:internal/modules/cjs/loader:1272:10)
    at Object.require.extensions.<computed> [as .ts] (D:\SpotChatra\spotchatbackendnew\node_modules\ts-node\src\index.ts:1621:12)
    at Module.load (node:internal/modules/cjs/loader:1081:32)
    at Function.Module._load (node:internal/modules/cjs/loader:922:12)
    at Module.require (node:internal/modules/cjs/loader:1105:19)
2023-01-14 16:23:47 error: uncaughtException: тип Unable to compile TypeScript:
[96msrc/lib/databases/index.ts[0m:[93m47[0m:[93m29[0m - [91merror[0m[90m TS1005: [0m',' expected.

[7m47[0m export const mongoConnection() {
[7m  [0m [91m                            ~[0m
[96msrc/lib/databases/index.ts[0m:[93m47[0m:[93m32[0m - [91merror[0m[90m TS1005: [0m'=>' expected.

[7m47[0m export const mongoConnection() {
[7m  [0m [91m                               ~[0m

TSError: тип Unable to compile TypeScript:
[96msrc/lib/databases/index.ts[0m:[93m47[0m:[93m29[0m - [91merror[0m[90m TS1005: [0m',' expected.

[7m47[0m export const mongoConnection() {
[7m  [0m [91m                            ~[0m
[96msrc/lib/databases/index.ts[0m:[93m47[0m:[93m32[0m - [91merror[0m[90m TS1005: [0m'=>' expected.

[7m47[0m export const mongoConnection() {
[7m  [0m [91m                               ~[0m

    at createTSError (D:\SpotChatra\spotchatbackendnew\node_modules\ts-node\src\index.ts:859:12)
    at reportTSError (D:\SpotChatra\spotchatbackendnew\node_modules\ts-node\src\index.ts:863:19)
    at D:\SpotChatra\spotchatbackendnew\node_modules\ts-node\src\index.ts:1379:34
    at Object.compile (D:\SpotChatra\spotchatbackendnew\node_modules\ts-node\src\index.ts:1458:13)
    at Module.m._compile (D:\SpotChatra\spotchatbackendnew\node_modules\ts-node\src\index.ts:1617:30)
    at Module._extensions..js (node:internal/modules/cjs/loader:1272:10)
    at Object.require.extensions.<computed> [as .ts] (D:\SpotChatra\spotchatbackendnew\node_modules\ts-node\src\index.ts:1621:12)
    at Module.load (node:internal/modules/cjs/loader:1081:32)
    at Function.Module._load (node:internal/modules/cjs/loader:922:12)
    at Module.require (node:internal/modules/cjs/loader:1105:19)
2023-01-14 16:24:09 error: uncaughtException: тип Unable to compile TypeScript:
[96msrc/lib/databases/index.ts[0m:[93m47[0m:[93m29[0m - [91merror[0m[90m TS1005: [0m',' expected.

[7m47[0m export const mongoConnection() {
[7m  [0m [91m                            ~[0m
[96msrc/lib/databases/index.ts[0m:[93m47[0m:[93m32[0m - [91merror[0m[90m TS1005: [0m'=>' expected.

[7m47[0m export const mongoConnection() {
[7m  [0m [91m                               ~[0m

TSError: тип Unable to compile TypeScript:
[96msrc/lib/databases/index.ts[0m:[93m47[0m:[93m29[0m - [91merror[0m[90m TS1005: [0m',' expected.

[7m47[0m export const mongoConnection() {
[7m  [0m [91m                            ~[0m
[96msrc/lib/databases/index.ts[0m:[93m47[0m:[93m32[0m - [91merror[0m[90m TS1005: [0m'=>' expected.

[7m47[0m export const mongoConnection() {
[7m  [0m [91m                               ~[0m

    at createTSError (D:\SpotChatra\spotchatbackendnew\node_modules\ts-node\src\index.ts:859:12)
    at reportTSError (D:\SpotChatra\spotchatbackendnew\node_modules\ts-node\src\index.ts:863:19)
    at D:\SpotChatra\spotchatbackendnew\node_modules\ts-node\src\index.ts:1379:34
    at Object.compile (D:\SpotChatra\spotchatbackendnew\node_modules\ts-node\src\index.ts:1458:13)
    at Module.m._compile (D:\SpotChatra\spotchatbackendnew\node_modules\ts-node\src\index.ts:1617:30)
    at Module._extensions..js (node:internal/modules/cjs/loader:1272:10)
    at Object.require.extensions.<computed> [as .ts] (D:\SpotChatra\spotchatbackendnew\node_modules\ts-node\src\index.ts:1621:12)
    at Module.load (node:internal/modules/cjs/loader:1081:32)
    at Function.Module._load (node:internal/modules/cjs/loader:922:12)
    at Module.require (node:internal/modules/cjs/loader:1105:19)
2023-01-14 16:24:14 error: uncaughtException: тип Unable to compile TypeScript:
[96msrc/lib/databases/index.ts[0m:[93m47[0m:[93m29[0m - [91merror[0m[90m TS1005: [0m',' expected.

[7m47[0m export const mongoConnection() {
[7m  [0m [91m                            ~[0m
[96msrc/lib/databases/index.ts[0m:[93m47[0m:[93m32[0m - [91merror[0m[90m TS1005: [0m'=>' expected.

[7m47[0m export const mongoConnection() {
[7m  [0m [91m                               ~[0m

TSError: тип Unable to compile TypeScript:
[96msrc/lib/databases/index.ts[0m:[93m47[0m:[93m29[0m - [91merror[0m[90m TS1005: [0m',' expected.

[7m47[0m export const mongoConnection() {
[7m  [0m [91m                            ~[0m
[96msrc/lib/databases/index.ts[0m:[93m47[0m:[93m32[0m - [91merror[0m[90m TS1005: [0m'=>' expected.

[7m47[0m export const mongoConnection() {
[7m  [0m [91m                               ~[0m

    at createTSError (D:\SpotChatra\spotchatbackendnew\node_modules\ts-node\src\index.ts:859:12)
    at reportTSError (D:\SpotChatra\spotchatbackendnew\node_modules\ts-node\src\index.ts:863:19)
    at D:\SpotChatra\spotchatbackendnew\node_modules\ts-node\src\index.ts:1379:34
    at Object.compile (D:\SpotChatra\spotchatbackendnew\node_modules\ts-node\src\index.ts:1458:13)
    at Module.m._compile (D:\SpotChatra\spotchatbackendnew\node_modules\ts-node\src\index.ts:1617:30)
    at Module._extensions..js (node:internal/modules/cjs/loader:1272:10)
    at Object.require.extensions.<computed> [as .ts] (D:\SpotChatra\spotchatbackendnew\node_modules\ts-node\src\index.ts:1621:12)
    at Module.load (node:internal/modules/cjs/loader:1081:32)
    at Function.Module._load (node:internal/modules/cjs/loader:922:12)
    at Module.require (node:internal/modules/cjs/loader:1105:19)
2023-01-14 16:24:28 error: uncaughtException: тип Unable to compile TypeScript:
[96msrc/lib/databases/index.ts[0m:[93m51[0m:[93m29[0m - [91merror[0m[90m TS1005: [0m',' expected.

[7m51[0m export const mongoConnection() {
[7m  [0m [91m                            ~[0m
[96msrc/lib/databases/index.ts[0m:[93m51[0m:[93m32[0m - [91merror[0m[90m TS1005: [0m'=>' expected.

[7m51[0m export const mongoConnection() {
[7m  [0m [91m                               ~[0m

TSError: тип Unable to compile TypeScript:
[96msrc/lib/databases/index.ts[0m:[93m51[0m:[93m29[0m - [91merror[0m[90m TS1005: [0m',' expected.

[7m51[0m export const mongoConnection() {
[7m  [0m [91m                            ~[0m
[96msrc/lib/databases/index.ts[0m:[93m51[0m:[93m32[0m - [91merror[0m[90m TS1005: [0m'=>' expected.

[7m51[0m export const mongoConnection() {
[7m  [0m [91m                               ~[0m

    at createTSError (D:\SpotChatra\spotchatbackendnew\node_modules\ts-node\src\index.ts:859:12)
    at reportTSError (D:\SpotChatra\spotchatbackendnew\node_modules\ts-node\src\index.ts:863:19)
    at D:\SpotChatra\spotchatbackendnew\node_modules\ts-node\src\index.ts:1379:34
    at Object.compile (D:\SpotChatra\spotchatbackendnew\node_modules\ts-node\src\index.ts:1458:13)
    at Module.m._compile (D:\SpotChatra\spotchatbackendnew\node_modules\ts-node\src\index.ts:1617:30)
    at Module._extensions..js (node:internal/modules/cjs/loader:1272:10)
    at Object.require.extensions.<computed> [as .ts] (D:\SpotChatra\spotchatbackendnew\node_modules\ts-node\src\index.ts:1621:12)
    at Module.load (node:internal/modules/cjs/loader:1081:32)
    at Function.Module._load (node:internal/modules/cjs/loader:922:12)
    at Module.require (node:internal/modules/cjs/loader:1105:19)
2023-01-14 16:24:33 error: uncaughtException: тип Unable to compile TypeScript:
[96msrc/lib/databases/index.ts[0m:[93m54[0m:[93m29[0m - [91merror[0m[90m TS1005: [0m',' expected.

[7m54[0m export const mongoConnection() {
[7m  [0m [91m                            ~[0m
[96msrc/lib/databases/index.ts[0m:[93m54[0m:[93m32[0m - [91merror[0m[90m TS1005: [0m'=>' expected.

[7m54[0m export const mongoConnection() {
[7m  [0m [91m                               ~[0m

TSError: тип Unable to compile TypeScript:
[96msrc/lib/databases/index.ts[0m:[93m54[0m:[93m29[0m - [91merror[0m[90m TS1005: [0m',' expected.

[7m54[0m export const mongoConnection() {
[7m  [0m [91m                            ~[0m
[96msrc/lib/databases/index.ts[0m:[93m54[0m:[93m32[0m - [91merror[0m[90m TS1005: [0m'=>' expected.

[7m54[0m export const mongoConnection() {
[7m  [0m [91m                               ~[0m

    at createTSError (D:\SpotChatra\spotchatbackendnew\node_modules\ts-node\src\index.ts:859:12)
    at reportTSError (D:\SpotChatra\spotchatbackendnew\node_modules\ts-node\src\index.ts:863:19)
    at D:\SpotChatra\spotchatbackendnew\node_modules\ts-node\src\index.ts:1379:34
    at Object.compile (D:\SpotChatra\spotchatbackendnew\node_modules\ts-node\src\index.ts:1458:13)
    at Module.m._compile (D:\SpotChatra\spotchatbackendnew\node_modules\ts-node\src\index.ts:1617:30)
    at Module._extensions..js (node:internal/modules/cjs/loader:1272:10)
    at Object.require.extensions.<computed> [as .ts] (D:\SpotChatra\spotchatbackendnew\node_modules\ts-node\src\index.ts:1621:12)
    at Module.load (node:internal/modules/cjs/loader:1081:32)
    at Function.Module._load (node:internal/modules/cjs/loader:922:12)
    at Module.require (node:internal/modules/cjs/loader:1105:19)
2023-01-14 16:24:39 error: uncaughtException: тип Unable to compile TypeScript:
[96msrc/lib/databases/index.ts[0m:[93m54[0m:[93m29[0m - [91merror[0m[90m TS1005: [0m',' expected.

[7m54[0m export const mongoConnection() {
[7m  [0m [91m                            ~[0m
[96msrc/lib/databases/index.ts[0m:[93m54[0m:[93m32[0m - [91merror[0m[90m TS1005: [0m'=>' expected.

[7m54[0m export const mongoConnection() {
[7m  [0m [91m                               ~[0m

TSError: тип Unable to compile TypeScript:
[96msrc/lib/databases/index.ts[0m:[93m54[0m:[93m29[0m - [91merror[0m[90m TS1005: [0m',' expected.

[7m54[0m export const mongoConnection() {
[7m  [0m [91m                            ~[0m
[96msrc/lib/databases/index.ts[0m:[93m54[0m:[93m32[0m - [91merror[0m[90m TS1005: [0m'=>' expected.

[7m54[0m export const mongoConnection() {
[7m  [0m [91m                               ~[0m

    at createTSError (D:\SpotChatra\spotchatbackendnew\node_modules\ts-node\src\index.ts:859:12)
    at reportTSError (D:\SpotChatra\spotchatbackendnew\node_modules\ts-node\src\index.ts:863:19)
    at D:\SpotChatra\spotchatbackendnew\node_modules\ts-node\src\index.ts:1379:34
    at Object.compile (D:\SpotChatra\spotchatbackendnew\node_modules\ts-node\src\index.ts:1458:13)
    at Module.m._compile (D:\SpotChatra\spotchatbackendnew\node_modules\ts-node\src\index.ts:1617:30)
    at Module._extensions..js (node:internal/modules/cjs/loader:1272:10)
    at Object.require.extensions.<computed> [as .ts] (D:\SpotChatra\spotchatbackendnew\node_modules\ts-node\src\index.ts:1621:12)
    at Module.load (node:internal/modules/cjs/loader:1081:32)
    at Function.Module._load (node:internal/modules/cjs/loader:922:12)
    at Module.require (node:internal/modules/cjs/loader:1105:19)
2023-01-14 16:25:45 error: UnhandledRejection: MongooseServerSelectionError: connect ECONNREFUSED ::1:27017
2023-01-14 16:27:20 error: UnhandledRejection: MongooseServerSelectionError: connect ECONNREFUSED ::1:27017
2023-01-14 16:27:45 error: uncaughtException: this.connectToDatabase is not a function
TypeError: this.connectToDatabase is not a function
    at new App (D:\SpotChatra\spotchatbackendnew\src\app.ts:27:10)
    at Object.<anonymous> (D:\SpotChatra\spotchatbackendnew\src\server.ts:8:13)
    at Module._compile (node:internal/modules/cjs/loader:1218:14)
    at Module.m._compile (D:\SpotChatra\spotchatbackendnew\node_modules\ts-node\src\index.ts:1618:23)
    at Module._extensions..js (node:internal/modules/cjs/loader:1272:10)
    at Object.require.extensions.<computed> [as .ts] (D:\SpotChatra\spotchatbackendnew\node_modules\ts-node\src\index.ts:1621:12)
    at Module.load (node:internal/modules/cjs/loader:1081:32)
    at Function.Module._load (node:internal/modules/cjs/loader:922:12)
    at Function.executeUserEntryPoint [as runMain] (node:internal/modules/run_main:81:12)
    at phase4 (D:\SpotChatra\spotchatbackendnew\node_modules\ts-node\src\bin.ts:649:14)
2023-01-14 16:27:45 error: UncaughtException: TypeError: this.connectToDatabase is not a function
2023-01-14 16:28:24 error: UnhandledRejection: MongooseServerSelectionError: connect ECONNREFUSED ::1:27017
2023-01-14 16:29:37 error: UnhandledRejection: MongoParseError: options usecreateindex, usefindandmodify, reconnecttries, reconnectinterval, poolsize, buffermaxentries are not supported
2023-01-14 16:30:23 error: UnhandledRejection: MongoParseError: options usefndandmodify, reconnectinterval are not supported
2023-01-14 16:30:35 error: UnhandledRejection: MongoParseError: option usefndandmodify is not supported
