2023-01-13 10:26:37 error: uncaughtException: Router.use() requires a middleware function
TypeError: Router.use() requires a middleware function
    at Function.use (D:\SpotChatra\spotchatbackendnew\node_modules\express\lib\router\index.js:462:11)
    at new IndexRoute (D:\SpotChatra\spotchatbackendnew\src\modules\user\routes\index.route.ts:21:17)
    at Object.<anonymous> (D:\SpotChatra\spotchatbackendnew\src\server.ts:9:22)
    at Module._compile (node:internal/modules/cjs/loader:1218:14)
    at Module.m._compile (D:\SpotChatra\spotchatbackendnew\node_modules\ts-node\src\index.ts:1618:23)
    at Module._extensions..js (node:internal/modules/cjs/loader:1272:10)
    at Object.require.extensions.<computed> [as .ts] (D:\SpotChatra\spotchatbackendnew\node_modules\ts-node\src\index.ts:1621:12)
    at Module.load (node:internal/modules/cjs/loader:1081:32)
    at Function.Module._load (node:internal/modules/cjs/loader:922:12)
    at Function.executeUserEntryPoint [as runMain] (node:internal/modules/run_main:81:12)
2023-01-13 10:38:29 error: uncaughtException: Router.use() requires a middleware function
TypeError: Router.use() requires a middleware function
    at Function.use (D:\SpotChatra\spotchatbackendnew\node_modules\express\lib\router\index.js:462:11)
    at new IndexRoute (D:\SpotChatra\spotchatbackendnew\src\modules\user\routes\index.route.ts:21:17)
    at Object.<anonymous> (D:\SpotChatra\spotchatbackendnew\src\server.ts:9:22)
    at Module._compile (node:internal/modules/cjs/loader:1218:14)
    at Module.m._compile (D:\SpotChatra\spotchatbackendnew\node_modules\ts-node\src\index.ts:1618:23)
    at Module._extensions..js (node:internal/modules/cjs/loader:1272:10)
    at Object.require.extensions.<computed> [as .ts] (D:\SpotChatra\spotchatbackendnew\node_modules\ts-node\src\index.ts:1621:12)
    at Module.load (node:internal/modules/cjs/loader:1081:32)
    at Function.Module._load (node:internal/modules/cjs/loader:922:12)
    at Function.executeUserEntryPoint [as runMain] (node:internal/modules/run_main:81:12)
2023-01-13 18:54:58 error: uncaughtException: Router.use() requires a middleware function
TypeError: Router.use() requires a middleware function
    at Function.use (D:\SpotChatra\spotchatbackendnew\node_modules\express\lib\router\index.js:462:11)
    at new IndexRoute (D:\SpotChatra\spotchatbackendnew\src\modules\user\routes\index.route.ts:21:17)
    at Object.<anonymous> (D:\SpotChatra\spotchatbackendnew\src\server.ts:9:22)
    at Module._compile (node:internal/modules/cjs/loader:1218:14)
    at Module.m._compile (D:\SpotChatra\spotchatbackendnew\node_modules\ts-node\src\index.ts:1618:23)
    at Module._extensions..js (node:internal/modules/cjs/loader:1272:10)
    at Object.require.extensions.<computed> [as .ts] (D:\SpotChatra\spotchatbackendnew\node_modules\ts-node\src\index.ts:1621:12)
    at Module.load (node:internal/modules/cjs/loader:1081:32)
    at Function.Module._load (node:internal/modules/cjs/loader:922:12)
    at Function.executeUserEntryPoint [as runMain] (node:internal/modules/run_main:81:12)
2023-01-13 18:55:49 error: uncaughtException: Router.use() requires a middleware function
TypeError: Router.use() requires a middleware function
    at Function.use (D:\SpotChatra\spotchatbackendnew\node_modules\express\lib\router\index.js:462:11)
    at new IndexRoute (D:\SpotChatra\spotchatbackendnew\src\modules\user\routes\index.route.ts:21:17)
    at Object.<anonymous> (D:\SpotChatra\spotchatbackendnew\src\server.ts:9:22)
    at Module._compile (node:internal/modules/cjs/loader:1218:14)
    at Module.m._compile (D:\SpotChatra\spotchatbackendnew\node_modules\ts-node\src\index.ts:1618:23)
    at Module._extensions..js (node:internal/modules/cjs/loader:1272:10)
    at Object.require.extensions.<computed> [as .ts] (D:\SpotChatra\spotchatbackendnew\node_modules\ts-node\src\index.ts:1621:12)
    at Module.load (node:internal/modules/cjs/loader:1081:32)
    at Function.Module._load (node:internal/modules/cjs/loader:922:12)
    at Function.executeUserEntryPoint [as runMain] (node:internal/modules/run_main:81:12)
2023-01-13 18:59:28 error: uncaughtException: Router.use() requires a middleware function
TypeError: Router.use() requires a middleware function
    at Function.use (D:\SpotChatra\spotchatbackendnew\node_modules\express\lib\router\index.js:462:11)
    at new IndexRoute (D:\SpotChatra\spotchatbackendnew\src\modules\user\routes\index.route.ts:21:17)
    at Object.<anonymous> (D:\SpotChatra\spotchatbackendnew\src\server.ts:9:22)
    at Module._compile (node:internal/modules/cjs/loader:1218:14)
    at Module.m._compile (D:\SpotChatra\spotchatbackendnew\node_modules\ts-node\src\index.ts:1618:23)
    at Module._extensions..js (node:internal/modules/cjs/loader:1272:10)
    at Object.require.extensions.<computed> [as .ts] (D:\SpotChatra\spotchatbackendnew\node_modules\ts-node\src\index.ts:1621:12)
    at Module.load (node:internal/modules/cjs/loader:1081:32)
    at Function.Module._load (node:internal/modules/cjs/loader:922:12)
    at Function.executeUserEntryPoint [as runMain] (node:internal/modules/run_main:81:12)
2023-01-13 19:00:02 error: uncaughtException: Router.use() requires a middleware function
TypeError: Router.use() requires a middleware function
    at Function.use (D:\SpotChatra\spotchatbackendnew\node_modules\express\lib\router\index.js:462:11)
    at new IndexRoute (D:\SpotChatra\spotchatbackendnew\src\modules\user\routes\index.route.ts:21:17)
    at Object.<anonymous> (D:\SpotChatra\spotchatbackendnew\src\server.ts:9:22)
    at Module._compile (node:internal/modules/cjs/loader:1218:14)
    at Module.m._compile (D:\SpotChatra\spotchatbackendnew\node_modules\ts-node\src\index.ts:1618:23)
    at Module._extensions..js (node:internal/modules/cjs/loader:1272:10)
    at Object.require.extensions.<computed> [as .ts] (D:\SpotChatra\spotchatbackendnew\node_modules\ts-node\src\index.ts:1621:12)
    at Module.load (node:internal/modules/cjs/loader:1081:32)
    at Function.Module._load (node:internal/modules/cjs/loader:922:12)
    at Function.executeUserEntryPoint [as runMain] (node:internal/modules/run_main:81:12)
2023-01-13 19:10:20 error: uncaughtException: Router.use() requires a middleware function
TypeError: Router.use() requires a middleware function
    at Function.use (D:\SpotChatra\spotchatbackendnew\node_modules\express\lib\router\index.js:462:11)
    at new IndexRoute (D:\SpotChatra\spotchatbackendnew\src\modules\user\routes\index.route.ts:21:17)
    at Object.<anonymous> (D:\SpotChatra\spotchatbackendnew\src\server.ts:9:22)
    at Module._compile (node:internal/modules/cjs/loader:1218:14)
    at Module.m._compile (D:\SpotChatra\spotchatbackendnew\node_modules\ts-node\src\index.ts:1618:23)
    at Module._extensions..js (node:internal/modules/cjs/loader:1272:10)
    at Object.require.extensions.<computed> [as .ts] (D:\SpotChatra\spotchatbackendnew\node_modules\ts-node\src\index.ts:1621:12)
    at Module.load (node:internal/modules/cjs/loader:1081:32)
    at Function.Module._load (node:internal/modules/cjs/loader:922:12)
    at Function.executeUserEntryPoint [as runMain] (node:internal/modules/run_main:81:12)
2023-01-13 19:13:05 error: uncaughtException: Cannot find module '@/modules/user/controllers/auth.controller'
Require stack:
- D:\SpotChatra\spotchatbackendnew\src\modules\user\routes\auth.route.ts
- D:\SpotChatra\spotchatbackendnew\src\server.ts
Error: Cannot find module '@/modules/user/controllers/auth.controller'
Require stack:
- D:\SpotChatra\spotchatbackendnew\src\modules\user\routes\auth.route.ts
- D:\SpotChatra\spotchatbackendnew\src\server.ts
    at Function.Module._resolveFilename (node:internal/modules/cjs/loader:1039:15)
    at Function.Module._resolveFilename.sharedData.moduleResolveFilenameHook.installedValue (D:\SpotChatra\spotchatbackendnew\node_modules\@cspotcode\source-map-support\source-map-support.js:811:30)
    at Function.Module._resolveFilename (D:\SpotChatra\spotchatbackendnew\node_modules\tsconfig-paths\src\register.ts:115:36)
    at Function.Module._load (node:internal/modules/cjs/loader:885:27)
    at Module.require (node:internal/modules/cjs/loader:1105:19)
    at require (node:internal/modules/cjs/helpers:103:18)
    at Object.<anonymous> (D:\SpotChatra\spotchatbackendnew\src\modules\user\routes\auth.route.ts:2:1)
    at Module._compile (node:internal/modules/cjs/loader:1218:14)
    at Module.m._compile (D:\SpotChatra\spotchatbackendnew\node_modules\ts-node\src\index.ts:1618:23)
    at Module._extensions..js (node:internal/modules/cjs/loader:1272:10)
2023-01-13 19:13:13 error: uncaughtException: Cannot find module '@/modules/user/controllers/auth.controller'
Require stack:
- D:\SpotChatra\spotchatbackendnew\src\modules\user\routes\auth.route.ts
- D:\SpotChatra\spotchatbackendnew\src\server.ts
Error: Cannot find module '@/modules/user/controllers/auth.controller'
Require stack:
- D:\SpotChatra\spotchatbackendnew\src\modules\user\routes\auth.route.ts
- D:\SpotChatra\spotchatbackendnew\src\server.ts
    at Function.Module._resolveFilename (node:internal/modules/cjs/loader:1039:15)
    at Function.Module._resolveFilename.sharedData.moduleResolveFilenameHook.installedValue (D:\SpotChatra\spotchatbackendnew\node_modules\@cspotcode\source-map-support\source-map-support.js:811:30)
    at Function.Module._resolveFilename (D:\SpotChatra\spotchatbackendnew\node_modules\tsconfig-paths\src\register.ts:115:36)
    at Function.Module._load (node:internal/modules/cjs/loader:885:27)
    at Module.require (node:internal/modules/cjs/loader:1105:19)
    at require (node:internal/modules/cjs/helpers:103:18)
    at Object.<anonymous> (D:\SpotChatra\spotchatbackendnew\src\modules\user\routes\auth.route.ts:2:1)
    at Module._compile (node:internal/modules/cjs/loader:1218:14)
    at Module.m._compile (D:\SpotChatra\spotchatbackendnew\node_modules\ts-node\src\index.ts:1618:23)
    at Module._extensions..js (node:internal/modules/cjs/loader:1272:10)
